<?xml version="1.0" encoding="UTF-8"?>
<!-- Generated by org.testng.reporters.JUnitReportReporter -->
<testsuite hostname="LAPTOP-HRQAA664" failures="0" tests="1" name="testcases.HomeTest" time="3.992" errors="0" timestamp="2022-09-11T00:28:58 CDT" skipped="0">
  <testcase classname="testcases.HomeTest" name="Test1" time="3.992"/>
  <system-out/>
</testsuite> <!-- testcases.HomeTest -->
