<?xml version="1.0" encoding="UTF-8"?>
<!-- Generated by org.testng.reporters.JUnitReportReporter -->
<testsuite hostname="LAPTOP-HRQAA664" failures="0" tests="3" name="testcases.SimplilearnLoginTest" time="26.015" errors="0" timestamp="2022-09-11T00:28:58 CDT" skipped="0">
  <testcase classname="testcases.SimplilearnLoginTest" name="Test3" time="8.708"/>
  <system-out/>
  <testcase classname="testcases.SimplilearnLoginTest" name="Test1" time="9.054"/>
  <system-out/>
  <testcase classname="testcases.SimplilearnLoginTest" name="Test2" time="8.253"/>
  <system-out/>
</testsuite> <!-- testcases.SimplilearnLoginTest -->
