<?xml version="1.0" encoding="UTF-8"?>
<!-- Generated by org.testng.reporters.JUnitReportReporter -->
<testsuite hostname="LAPTOP-HRQAA664" failures="0" tests="3" name="testcases.SimplilearnLoginTest" time="22.837" errors="0" timestamp="2022-09-17T00:46:33 CDT" skipped="0">
  <testcase classname="testcases.SimplilearnLoginTest" name="Test2" time="7.137"/>
  <system-out/>
  <testcase classname="testcases.SimplilearnLoginTest" name="Test1" time="9.462"/>
  <system-out/>
  <testcase classname="testcases.SimplilearnLoginTest" name="Test3" time="6.238"/>
  <system-out/>
</testsuite> <!-- testcases.SimplilearnLoginTest -->
