<?xml version="1.0" encoding="UTF-8"?>
<!-- Generated by org.testng.reporters.JUnitReportReporter -->
<testsuite hostname="LAPTOP-HRQAA664" failures="0" tests="1" name="testcases.HomeTest" time="7.796" errors="0" timestamp="2022-09-16T23:37:41 CDT" skipped="0">
  <testcase classname="testcases.HomeTest" name="Test1" time="7.796"/>
  <system-out/>
</testsuite> <!-- testcases.HomeTest -->
