<?xml version="1.0" encoding="UTF-8"?>
<!-- Generated by org.testng.reporters.JUnitReportReporter -->
<testsuite skipped="0" hostname="LAPTOP-HRQAA664" name="testcases.SimplilearnLoginTest" tests="3" failures="0" timestamp="2022-09-18T01:34:32 CDT" time="21.992" errors="0">
  <testcase name="Test3" time="6.988" classname="testcases.SimplilearnLoginTest"/>
  <system-out/>
  <testcase name="Test2" time="8.734" classname="testcases.SimplilearnLoginTest"/>
  <system-out/>
  <testcase name="Test1" time="6.270" classname="testcases.SimplilearnLoginTest"/>
  <system-out/>
</testsuite> <!-- testcases.SimplilearnLoginTest -->
