<?xml version="1.0" encoding="UTF-8"?>
<!-- Generated by org.testng.reporters.JUnitReportReporter -->
<testsuite skipped="0" hostname="LAPTOP-HRQAA664" name="testcases.HomeTest" tests="1" failures="0" timestamp="2022-09-10T02:20:38 CDT" time="8.915" errors="0">
  <testcase name="Test1" time="8.915" classname="testcases.HomeTest"/>
  <system-out/>
</testsuite> <!-- testcases.HomeTest -->
