<?xml version="1.0" encoding="UTF-8"?>
<!-- Generated by org.testng.reporters.JUnitReportReporter -->
<testsuite skipped="0" hostname="LAPTOP-HRQAA664" name="testcases.SimplilearnLoginTest" tests="2" failures="0" timestamp="2022-09-10T02:20:38 CDT" time="20.031" errors="0">
  <testcase name="Test2" time="10.218" classname="testcases.SimplilearnLoginTest"/>
  <system-out/>
  <testcase name="Test1" time="9.813" classname="testcases.SimplilearnLoginTest"/>
  <system-out/>
</testsuite> <!-- testcases.SimplilearnLoginTest -->
